<?xml version="1.0" encoding="UTF-8"?>
<!-- Generated by org.testng.reporters.JUnitReportReporter -->
<testsuite skipped="0" hostname="LAPTOP-R4COBJAR" name="carcheck.testcases.registrationInputPageTest" tests="2" failures="0" timestamp="2021-10-13T22:39:34 BST" time="5.105" errors="0">
  <testcase name="inputRegistration" time="2.922" classname="carcheck.testcases.registrationInputPageTest"/>
  <system-out/>
  <testcase name="validateTitleTest" time="2.183" classname="carcheck.testcases.registrationInputPageTest"/>
  <system-out/>
</testsuite> <!-- carcheck.testcases.registrationInputPageTest -->
